<?xml version="1.0" encoding="UTF-8"?>
<!-- Generated by org.testng.reporters.JUnitReportReporter -->
<testsuite hostname="Priya" failures="0" tests="3" name="DataProvider.basic" time="0.016" errors="0" timestamp="2024-08-31T22:44:22 IST" skipped="0">
  <testcase classname="DataProvider.basic" name="getdata" time="0.000"/>
  <testcase classname="DataProvider.basic" name="getdata" time="0.010"/>
  <testcase classname="DataProvider.basic" name="getdata" time="0.006"/>
</testsuite> <!-- DataProvider.basic -->
