<?xml version="1.0" encoding="UTF-8"?>
<!-- Generated by org.testng.reporters.JUnitReportReporter -->
<testsuite hostname="Priya" failures="0" tests="2" name="TestNg.SampleTest" time="0.010" errors="0" timestamp="2024-09-03T19:48:07 IST" skipped="0">
  <testcase classname="TestNg.SampleTest" name="Sample4" time="0.008"/>
  <testcase classname="TestNg.SampleTest" name="Sample5" time="0.002"/>
</testsuite> <!-- TestNg.SampleTest -->
